<?xml version="1.0" encoding="UTF-8"?>
<testng-results ignored="0" total="1" passed="1" failed="0" skipped="0">
  <reporter-output>
  </reporter-output>
  <suite started-at="2024-11-09T18:57:05 IST" name="Default suite" finished-at="2024-11-09T18:57:06 IST" duration-ms="42">
    <groups>
    </groups>
    <test started-at="2024-11-09T18:57:05 IST" name="Default test" finished-at="2024-11-09T18:57:06 IST" duration-ms="42">
      <class name="test.TestNg">
        <test-method signature="runTest()[pri:1, instance:test.TestNg@6e0f5f7f]" started-at="2024-11-09T18:57:06 IST" name="runTest" finished-at="2024-11-09T18:57:06 IST" duration-ms="6" status="PASS">
          <reporter-output>
          </reporter-output>
        </test-method> <!-- runTest -->
      </class> <!-- test.TestNg -->
    </test> <!-- Default test -->
  </suite> <!-- Default suite -->
</testng-results>
